14:38:57 **** Incremental Build of configuration Doc Linux for project BilatUtil_CPP ****
makeGCC.sh doc 

--------------------------------------------------------
[Runtime] : gcc x86
--------------------------------------------------------


[cuda]        : /usr/local

[jni]         : /usr/lib/jvm

[X11]         : /usr/include/X11

[MKL]         : /opt/intel/mkl

[boost]       : /opt/api/ext/boost

[opencv]      : /opt/api/ext/opencv

[cpptest]     : /opt/api/ext/cpptest

[gphoto2]     : /opt/api/ext/gphoto2

[urg]         : /opt/api/ext/urg

[wic]         : /opt/api/ext/wic 

[pleora]      : /opt/api/ext/pleora

[Runtime] : BILAT_INFOGRAPHIE           /opt/api/cbi/infographie

     BILAT_TOOLS_JST_HOME             = /opt/api/cbi/infographie/tools
     BILAT_OPENGL_HOME                = /opt/api/cbi/infographie/opengl
     BILAT_FENETRAGE_HOME             = /opt/api/cbi/infographie/fenetrage
     BILAT_IMAGE_HOME                 = /opt/api/cbi/infographie/image
     BILAT_SURFACE_HOME               = /opt/api/cbi/infographie/surface

[Runtime] : BILAT_TOOLS                 /opt/api/cbi/tools

     BILAT_TOOLS_CPP_HOME             = /opt/api/cbi/tools/bilat_tools_cpp
     BILAT_TOOLS_OMP_HOME             = /opt/api/cbi/tools/bilat_tools_omp
     BILAT_TOOLS_CUDA_HOME            = /opt/api/cbi/tools/bilat_tools_cuda
     BILAT_TOOLS_MKL_HOME             = /opt/api/cbi/tools/bilat_tools_mkl
     BILAT_TOOLS_OPENCV_HOME          = /opt/api/cbi/tools/bilat_tools_opencv
     BILAT_TOOLS_V4L_HOME             = /opt/api/cbi/tools/bilat_tools_v4l
     BILAT_TOOLS_CUDA_IMAGE_HOME      = /opt/api/cbi/tools/bilat_tools_cuda_image
     BILAT_TOOLS_CUDA_IMAGE_CV_HOME   = /opt/api/cbi/tools/bilat_tools_cuda_image_cv
     BILAT_TOOLS_IMAGE_HOME           = /opt/api/cbi/tools/bilat_tools_image
     BILAT_TOOLS_IMAGE_CVHOME         = /opt/api/cbi/tools/bilat_tools_image_cv

[Runtime] : BILAT_CAPTEUR               /opt/api/cbi/capteur

     BILAT_GPHOTO2_HOME               = /opt/api/cbi/capteur/bilat_gphoto2
     BILAT_LASER_HOME                 = /opt/api/cbi/capteur/bilat_laser
     BILAT_LIDAR_HOME                 = /opt/api/cbi/capteur/bilat_lidar
     BILAT_TAU2_HOME                  = /opt/api/cbi/capteur/bilat_tau2

--------------------------------------------------------
[Runtime] : gcc x86 : Ready!
--------------------------------------------------------


g++ (Ubuntu 4.8.4-2ubuntu1~14.04.3) 4.8.4
Copyright (C) 2013 Free Software Foundation, Inc.
This is free software; see the source for copying conditions.  There is NO
warranty; not even for MERCHANTABILITY or FITNESS FOR A PARTICULAR PURPOSE.


[Make] : GCC : doc

==================================================================================
[CBI] -> Target              : BilatUtil_CPP_002_gcc_x86_64
[CBI] -> Task			     : Doc
[CBI] -> Doc src			 : src
[CBI] -> Directory doc html  : /tmp/ramdrive/bilat/Targets/BilatUtil_CPP_002/doc/final
[CBI] -> Directory doc tar   : ../RELEASE/doc
==================================================================================

[Tools]

doxygen version : 
1.8.6
dot - graphviz version 2.36.0 (20140111.2315)

[Purge]

delete  /tmp/ramdrive/bilat/Targets/BilatUtil_CPP_002/doc
delete  ../RELEASE/doc/BilatUtil_CPP_002_gcc_x86_64.doc.tar.gz

[Prepare]

mkdir  /tmp/ramdrive/bilat/Targets/BilatUtil_CPP_002/doc/final
mkdir  /tmp/ramdrive/bilat/Targets/BilatUtil_CPP_002/doc/temp
mkdir  ../RELEASE/doc

[Configuration]


Configuration file `/tmp/ramdrive/bilat/Targets/BilatUtil_CPP_002/doc/temp/doxyFileDefaultTMP' created.

Now edit the configuration file and enter

  doxygen /tmp/ramdrive/bilat/Targets/BilatUtil_CPP_002/doc/temp/doxyFileDefaultTMP

to generate the documentation for your project

Parse and fill defaut doxy-config with project-specific-config ...

[Build]

Searching for include files...
Searching for example files...
Searching for images...
Searching for dot files...
Searching for msc files...
Searching for dia files...
Searching for files to exclude
Searching for files to process...
Searching for files in directory /home/bilat/CBI/Dropbox/01_CBI_CODE/Cuda/WCuda/BilatUtil_CPP/src
Searching for files in directory /home/bilat/CBI/Dropbox/01_CBI_CODE/Cuda/WCuda/BilatUtil_CPP/src/core
Searching for files in directory /home/bilat/CBI/Dropbox/01_CBI_CODE/Cuda/WCuda/BilatUtil_CPP/src/core/utils
Searching for files in directory /home/bilat/CBI/Dropbox/01_CBI_CODE/Cuda/WCuda/BilatUtil_CPP/src/core/utils/cpp
Searching for files in directory /home/bilat/CBI/Dropbox/01_CBI_CODE/Cuda/WCuda/BilatUtil_CPP/src/core/utils/header
Searching for files in directory /home/bilat/CBI/Dropbox/01_CBI_CODE/Cuda/WCuda/BilatUtil_CPP/src/test
Searching for files in directory /home/bilat/CBI/Dropbox/01_CBI_CODE/Cuda/WCuda/BilatUtil_CPP/src/test/cpp
Searching for files in directory /home/bilat/CBI/Dropbox/01_CBI_CODE/Cuda/WCuda/BilatUtil_CPP/src/test/header
Reading and parsing tag files
Parsing files
Preprocessing /home/bilat/CBI/Dropbox/01_CBI_CODE/Cuda/WCuda/BilatUtil_CPP/src/core/utils/cpp/histo.cpp...
Parsing file /home/bilat/CBI/Dropbox/01_CBI_CODE/Cuda/WCuda/BilatUtil_CPP/src/core/utils/cpp/histo.cpp...
Preprocessing /home/bilat/CBI/Dropbox/01_CBI_CODE/Cuda/WCuda/BilatUtil_CPP/src/core/utils/cpp/rawMajorTools.cpp...
Parsing file /home/bilat/CBI/Dropbox/01_CBI_CODE/Cuda/WCuda/BilatUtil_CPP/src/core/utils/cpp/rawMajorTools.cpp...
Preprocessing /home/bilat/CBI/Dropbox/01_CBI_CODE/Cuda/WCuda/BilatUtil_CPP/src/core/utils/cpp/tab1DTools.cpp...
Parsing file /home/bilat/CBI/Dropbox/01_CBI_CODE/Cuda/WCuda/BilatUtil_CPP/src/core/utils/cpp/tab1DTools.cpp...
Preprocessing /home/bilat/CBI/Dropbox/01_CBI_CODE/Cuda/WCuda/BilatUtil_CPP/src/core/utils/cpp/tab2DTools.cpp...
Parsing file /home/bilat/CBI/Dropbox/01_CBI_CODE/Cuda/WCuda/BilatUtil_CPP/src/core/utils/cpp/tab2DTools.cpp...
Preprocessing /home/bilat/CBI/Dropbox/01_CBI_CODE/Cuda/WCuda/BilatUtil_CPP/src/core/utils/cpp/vectorTools.cpp...
Parsing file /home/bilat/CBI/Dropbox/01_CBI_CODE/Cuda/WCuda/BilatUtil_CPP/src/core/utils/cpp/vectorTools.cpp...
Preprocessing /home/bilat/CBI/Dropbox/01_CBI_CODE/Cuda/WCuda/BilatUtil_CPP/src/core/utils/header/histo.h...
Parsing file /home/bilat/CBI/Dropbox/01_CBI_CODE/Cuda/WCuda/BilatUtil_CPP/src/core/utils/header/histo.h...
Preprocessing /home/bilat/CBI/Dropbox/01_CBI_CODE/Cuda/WCuda/BilatUtil_CPP/src/core/utils/header/rowMajorTools.h...
Parsing file /home/bilat/CBI/Dropbox/01_CBI_CODE/Cuda/WCuda/BilatUtil_CPP/src/core/utils/header/rowMajorTools.h...
Preprocessing /home/bilat/CBI/Dropbox/01_CBI_CODE/Cuda/WCuda/BilatUtil_CPP/src/core/utils/header/tab1DTools.h...
Parsing file /home/bilat/CBI/Dropbox/01_CBI_CODE/Cuda/WCuda/BilatUtil_CPP/src/core/utils/header/tab1DTools.h...
Preprocessing /home/bilat/CBI/Dropbox/01_CBI_CODE/Cuda/WCuda/BilatUtil_CPP/src/core/utils/header/tab2DTools.h...
Parsing file /home/bilat/CBI/Dropbox/01_CBI_CODE/Cuda/WCuda/BilatUtil_CPP/src/core/utils/header/tab2DTools.h...
Preprocessing /home/bilat/CBI/Dropbox/01_CBI_CODE/Cuda/WCuda/BilatUtil_CPP/src/core/utils/header/vectorTools.h...
Parsing file /home/bilat/CBI/Dropbox/01_CBI_CODE/Cuda/WCuda/BilatUtil_CPP/src/core/utils/header/vectorTools.h...
Preprocessing /home/bilat/CBI/Dropbox/01_CBI_CODE/Cuda/WCuda/BilatUtil_CPP/src/main.cpp...
Parsing file /home/bilat/CBI/Dropbox/01_CBI_CODE/Cuda/WCuda/BilatUtil_CPP/src/main.cpp...
Preprocessing /home/bilat/CBI/Dropbox/01_CBI_CODE/Cuda/WCuda/BilatUtil_CPP/src/test/cpp/TestTab2DJunit.cpp...
Parsing file /home/bilat/CBI/Dropbox/01_CBI_CODE/Cuda/WCuda/BilatUtil_CPP/src/test/cpp/TestTab2DJunit.cpp...
Preprocessing /home/bilat/CBI/Dropbox/01_CBI_CODE/Cuda/WCuda/BilatUtil_CPP/src/test/header/TestTab2Dunit.h...
Parsing file /home/bilat/CBI/Dropbox/01_CBI_CODE/Cuda/WCuda/BilatUtil_CPP/src/test/header/TestTab2Dunit.h...
Preprocessing /home/bilat/CBI/Dropbox/01_CBI_CODE/Cuda/WCuda/BilatUtil_CPP/src/test/mainTest.cpp...
Parsing file /home/bilat/CBI/Dropbox/01_CBI_CODE/Cuda/WCuda/BilatUtil_CPP/src/test/mainTest.cpp...
Building group list...
Building directory list...
Building namespace list...
Building file list...
Building class list...
Associating documentation with classes...
Computing nesting relations for classes...
Building example list...
Searching for enumerations...
Searching for documented typedefs...
Searching for members imported via using declarations...
Searching for included using directives...
Searching for documented variables...
Building interface member list...
Building member list...
Searching for friends...
Searching for documented defines...
Computing class inheritance relations...
Computing class usage relations...
Flushing cached template relations that have become invalid...
Creating members for template instances...
Computing class relations...
Add enum values to enums...
Searching for member function documentation...
Building page list...
Search for main page...
Computing page relations...
Determining the scope of groups...
Sorting lists...
Freeing entry tree
Determining which enums are documented
Computing member relations...
Building full member lists recursively...
Adding members to member groups.
Computing member references...
Inheriting documentation...
Generating disk names...
Adding source references...
Adding xrefitems...
Sorting member lists...
Computing dependencies between directories...
Generating citations page...
Counting data structures...
Resolving user defined references...
Finding anchors and sections in the documentation...
Transferring function references...
Combining using relations...
Adding members to index pages...
Generating style sheet...
Generating search indices...
Generating example documentation...
Generating file sources...
Generating code for file src/core/utils/header/histo.h...
Generating code for file src/core/utils/header/rowMajorTools.h...
Generating code for file src/core/utils/header/tab1DTools.h...
Generating code for file src/core/utils/header/tab2DTools.h...
Generating code for file src/core/utils/header/vectorTools.h...
Generating code for file src/test/header/TestTab2Dunit.h...
Generating file documentation...
Generating docs for file src/core/utils/cpp/histo.cpp...
Generating docs for file src/core/utils/cpp/rawMajorTools.cpp...
Generating docs for file src/core/utils/cpp/tab1DTools.cpp...
Generating docs for file src/core/utils/cpp/tab2DTools.cpp...
Generating docs for file src/core/utils/cpp/vectorTools.cpp...
Generating docs for file src/core/utils/header/histo.h...
Generating docs for file src/core/utils/header/rowMajorTools.h...
Generating docs for file src/core/utils/header/tab1DTools.h...
Generating docs for file src/core/utils/header/tab2DTools.h...
Generating docs for file src/core/utils/header/vectorTools.h...
Generating docs for file src/main.cpp...
Generating docs for file src/test/cpp/TestTab2DJunit.cpp...
Generating docs for file src/test/header/TestTab2Dunit.h...
Generating docs for file src/test/mainTest.cpp...
Generating page documentation...
Generating group documentation...
Generating class documentation...
Generating docs for compound TestTab2DJunit...
Generating namespace index...
Generating graph info page...
Generating directory documentation...
Generating dependency graph for directory src/core
Generating dependency graph for directory src/test/cpp
Generating dependency graph for directory src/core/utils/cpp
Generating dependency graph for directory src/test/header
Generating dependency graph for directory src/core/utils/header
Generating dependency graph for directory src
Generating dependency graph for directory src/test
Generating dependency graph for directory src/core/utils
Generating index page...
Generating page index...
Generating module index...
Generating namespace index...
Generating namespace member index...
Generating annotated compound index...
Generating alphabetical compound index...
Generating hierarchical class index...
Generating graphical class hierarchy...
Generating member index...
Generating file index...
Generating file member index...
Generating example index...
finalizing index lists...
Running dot...
Generating dot graphs using 33 parallel threads...
Running dot for graph 1/29
Running dot for graph 2/29
Running dot for graph 3/29
Running dot for graph 4/29
Running dot for graph 5/29
Running dot for graph 6/29
Running dot for graph 7/29
Running dot for graph 8/29
Running dot for graph 9/29
Running dot for graph 10/29
Running dot for graph 11/29
Running dot for graph 12/29
Running dot for graph 13/29
Running dot for graph 14/29
Running dot for graph 15/29
Running dot for graph 16/29
Running dot for graph 17/29
Running dot for graph 18/29
Running dot for graph 19/29
Running dot for graph 20/29
Running dot for graph 21/29
Running dot for graph 22/29
Running dot for graph 23/29
Running dot for graph 24/29
Running dot for graph 25/29
Running dot for graph 26/29
Running dot for graph 27/29
Running dot for graph 28/29
Running dot for graph 29/29
Patching output file 1/23
Patching output file 2/23
Patching output file 3/23
Patching output file 4/23
Patching output file 5/23
Patching output file 6/23
Patching output file 7/23
Patching output file 8/23
Patching output file 9/23
Patching output file 10/23
Patching output file 11/23
Patching output file 12/23
Patching output file 13/23
Patching output file 14/23
Patching output file 15/23
Patching output file 16/23
Patching output file 17/23
Patching output file 18/23
Patching output file 19/23
Patching output file 20/23
Patching output file 21/23
Patching output file 22/23
Patching output file 23/23
lookup cache used 43/65536 hits=141 misses=46
finished...

[Deploy]

creating BilatUtil_CPP_002_gcc_x86_64.doc.tar
creating BilatUtil_CPP_002_gcc_x86_64.doc.tar.gz
moving   BilatUtil_CPP_002_gcc_x86_64.doc.tar.gz -> ../RELEASE/doc

==================================================================================
[CBI] -> Target              : BilatUtil_CPP_002_gcc_x86_64
[CBI] -> Task			     : Doc
[CBI] -> Doc src		     : src
[CBI] -> Directory doc html  : /tmp/ramdrive/bilat/Targets/BilatUtil_CPP_002/doc/final
[CBI] -> Directory doc tar   : ../RELEASE/doc
==================================================================================

14:38:58 Build Finished (took 575ms)

