17:20:25 **** Build of configuration GCC_ARM_parallel for project BilatTools_OpenCV ****
cbicc gcc arm jall 

--------------------------------------------------------
Cross Compilation 		       
--------------------------------------------------------

PLATFORME = jetson
API       = /opt/arm/jetson

--------------------------------------------------------
[Runtime] : gcc arm
--------------------------------------------------------



[cuda]        : /opt/api/ext/cuda

[jni]         : /opt/api/ext/jni/java-8-oracle

[X11]         : /usr/include/X11
[X11]         : 

[MKL]         : /opt/intel/mkl

[boost]       : /opt/api/ext/boost

[opencv]      : /opt/api/ext/opencv
[opencv]      : RPATH_LINK : /opt/api/ext/cuda/cuda-6.5/lib/gcc_arm:/opt/arm/L4T_1404_240/usr_lib

[cpptest]     : /opt/api/ext/cpptest

[gphoto2]     : /opt/api/ext/gphoto2

[urg]         : /opt/api/ext/urg

[wic]         : /opt/api/ext/wic 


[pleora]      : /opt/api/ext/pleora

[gps]         : /opt/api/ext/gps

[glm]      : /opt/api/ext/GLM

[Runtime] : BILAT_INFOGRAPHIE           /opt/api/cbi/infographie

     BILAT_TOOLS_JST_HOME             = /opt/api/cbi/infographie/tools
     BILAT_OPENGL_HOME                = /opt/api/cbi/infographie/opengl
     BILAT_FENETRAGE_HOME             = /opt/api/cbi/infographie/fenetrage
     BILAT_IMAGE_HOME                 = /opt/api/cbi/infographie/image
     BILAT_SCENE_3D_HOME              = /opt/api/cbi/infographie/scene3d

[Runtime] : BILAT_TOOLS                 /opt/api/cbi/tools

     BILAT_TOOLS_CPP_HOME             = /opt/api/cbi/tools/bilat_tools_cpp
     BILAT_TOOLS_OMP_HOME             = /opt/api/cbi/tools/bilat_tools_omp
     BILAT_TOOLS_CUDA_HOME            = /opt/api/cbi/tools/bilat_tools_cuda
     BILAT_TOOLS_MKL_HOME             = /opt/api/cbi/tools/bilat_tools_mkl
     BILAT_TOOLS_OPENCV_HOME          = /opt/api/cbi/tools/bilat_tools_opencv
     BILAT_TOOLS_V4L_HOME             = /opt/api/cbi/tools/bilat_tools_v4l
     BILAT_TOOLS_CUDA_IMAGE_HOME      = /opt/api/cbi/tools/bilat_tools_cuda_image
     BILAT_TOOLS_CUDA_IMAGE_CV_HOME   = /opt/api/cbi/tools/bilat_tools_cuda_image_cv
     BILAT_TOOLS_IMAGE_HOME           = /opt/api/cbi/tools/bilat_tools_image
     BILAT_TOOLS_IMAGE_CVHOME         = /opt/api/cbi/tools/bilat_tools_image_cv

[Runtime] : BILAT_CAPTEUR               /opt/api/cbi/capteur

     BILAT_GPHOTO2_HOME               = /opt/api/cbi/capteur/bilat_gphoto2
     BILAT_LASER_HOME                 = /opt/api/cbi/capteur/bilat_laser
     BILAT_LIDAR_HOME                 = /opt/api/cbi/capteur/bilat_lidar
     BILAT_TAU2_HOME                  = /opt/api/cbi/capteur/bilat_tau2
     BILAT_SPEECH_HOME                = /opt/api/cbi/capteur/bilat_speech
     BILAT_GPS_HOME                   = /opt/api/cbi/capteur/bilat_gps
     BILAT_PIPES_HOME                 = /opt/api/cbi/capteur/bilat_pipes

--------------------------------------------------------
[Runtime] : gcc arm : Ready!
--------------------------------------------------------


arm-linux-gnueabihf-g++-4.8 (Ubuntu/Linaro 4.8.4-2ubuntu1~14.04.1) 4.8.4
Copyright (C) 2013 Free Software Foundation, Inc.
This is free software; see the source for copying conditions.  There is NO
warranty; not even for MERCHANTABILITY or FITNESS FOR A PARTICULAR PURPOSE.


[Make] : GCC : jall

==================================================================================
[CBI] -> Target Name  : BilatTools_OpenCV_301_004_gcc_jetson_ARM_32
[CBI] ->
[CBI] -> Build     	  : /tmp/ramdrive/bilat/Targets/BilatTools_OpenCV_301_004/bin/libBilatTools_OpenCV_301_004_gcc_jetson_ARM_32.so
[CBI] -> Deploy       : ../RELEASE/bin
[CBI] ->
[CBI] -> Type	 	  : SHARED_LIB
[CBI] -> Arch	 	  : ARM_32
[CBI] -> OS	 		  : Linux
[CBI] -> User	 	  : bilat
[CBI] ->
[CBI] -> Task		  : Compiling-Linking
==================================================================================

[CBI] -> SRC AUX (Recursif) :
[CBI] ->

[CBI] -> CXXFLAGS (Partial) :
[CBI] ->
[CBI] ->              : -O3
[CBI] ->              : -fPIC
[CBI] ->              : -fopenmp
[CBI] ->              : -std=c++11

[CBI] -> LDFLAGS (Partial) :
[CBI] ->
[CBI] ->              : -Xlinker
[CBI] ->              : -shared

[CBI] -> INC_PATH (auto detect):
[CBI] ->              : src/core/capture/
[CBI] ->              : src/core/capture/video/
[CBI] ->              : src/core/capture/webcam/
[CBI] ->              : src/core/show/shapeOverlay/
[CBI] ->              : src/core/show/shapeOverlay/appearance/
[CBI] ->              : src/core/show/shapeOverlay/drawer/
[CBI] ->              : src/core/show/shapeOverlay/shape/
[CBI] ->              : src/core/show/view/
[CBI] ->              : src/core/show/view/viewer/
[CBI] ->              : src/core/show/view/viewerMat/
[CBI] ->              : src/core/tools/

[CBI] -> LIB_PATH (auto detect):

[CBI] -> API_INC :
[CBI] ->              : /opt/api/cbi/tools/bilat_tools_cpp/301_004/INC
[CBI] ->              : /opt/api/cbi/tools/bilat_tools_cpp/301_004/INC/namespace_cpu
[CBI] ->              : /opt/api/ext/opencv_cuda/2413/include
[CBI] ->              : /opt/api/ext/opencv_cuda/2413/include/opencv
[CBI] ->              : /opt/api/ext/opencv_cuda/2413/include/opencv2
[CBI] ->              : /opt/api/ext/opencv_cuda/2413/include/opencv2/calib3d
[CBI] ->              : /opt/api/ext/opencv_cuda/2413/include/opencv2/contrib
[CBI] ->              : /opt/api/ext/opencv_cuda/2413/include/opencv2/core
[CBI] ->              : /opt/api/ext/opencv_cuda/2413/include/opencv2/detection_based_tracker
[CBI] ->              : /opt/api/ext/opencv_cuda/2413/include/opencv2/esm_panorama
[CBI] ->              : /opt/api/ext/opencv_cuda/2413/include/opencv2/facedetect
[CBI] ->              : /opt/api/ext/opencv_cuda/2413/include/opencv2/features2d
[CBI] ->              : /opt/api/ext/opencv_cuda/2413/include/opencv2/flann
[CBI] ->              : /opt/api/ext/opencv_cuda/2413/include/opencv2/gpu
[CBI] ->              : /opt/api/ext/opencv_cuda/2413/include/opencv2/gpu/device
[CBI] ->              : /opt/api/ext/opencv_cuda/2413/include/opencv2/gpu/device/detail
[CBI] ->              : /opt/api/ext/opencv_cuda/2413/include/opencv2/highgui
[CBI] ->              : /opt/api/ext/opencv_cuda/2413/include/opencv2/imgproc
[CBI] ->              : /opt/api/ext/opencv_cuda/2413/include/opencv2/imuvstab
[CBI] ->              : /opt/api/ext/opencv_cuda/2413/include/opencv2/imuvstab/detail
[CBI] ->              : /opt/api/ext/opencv_cuda/2413/include/opencv2/legacy
[CBI] ->              : /opt/api/ext/opencv_cuda/2413/include/opencv2/ml
[CBI] ->              : /opt/api/ext/opencv_cuda/2413/include/opencv2/objdetect
[CBI] ->              : /opt/api/ext/opencv_cuda/2413/include/opencv2/photo
[CBI] ->              : /opt/api/ext/opencv_cuda/2413/include/opencv2/stitching
[CBI] ->              : /opt/api/ext/opencv_cuda/2413/include/opencv2/stitching/detail
[CBI] ->              : /opt/api/ext/opencv_cuda/2413/include/opencv2/superres
[CBI] ->              : /opt/api/ext/opencv_cuda/2413/include/opencv2/tegra
[CBI] ->              : /opt/api/ext/opencv_cuda/2413/include/opencv2/ts
[CBI] ->              : /opt/api/ext/opencv_cuda/2413/include/opencv2/video
[CBI] ->              : /opt/api/ext/opencv_cuda/2413/include/opencv2/videostab
[CBI] ->              : /opt/api/ext/opencv_cuda/2413/include/opencv2/vstab

[CBI] -> API_BIN :
[CBI] ->              : /opt/api/cbi/tools/bilat_tools_cpp/301_004/BIN/gcc_arm
[CBI] ->              : /opt/api/ext/opencv_cuda/2413/lib

[CBI] -> API_LIBRARIES_STATIC :

[CBI] -> API_LIBRARIES :
[CBI] ->              : BilatTools_CPP_301_004_gcc_jetson_ARM_32
[CBI] ->              : opencv_calib3d
[CBI] ->              : opencv_contrib
[CBI] ->              : opencv_core
[CBI] ->              : opencv_detection_based_tracker
[CBI] ->              : opencv_esm_panorama
[CBI] ->              : opencv_facedetect
[CBI] ->              : opencv_features2d
[CBI] ->              : opencv_flann
[CBI] ->              : opencv_gpu
[CBI] ->              : opencv_highgui
[CBI] ->              : opencv_imgproc
[CBI] ->              : opencv_imuvstab
[CBI] ->              : opencv_legacy
[CBI] ->              : opencv_ml
[CBI] ->              : opencv_objdetect
[CBI] ->              : opencv_photo
[CBI] ->              : opencv_stitching
[CBI] ->              : opencv_superres
[CBI] ->              : opencv_tegra
[CBI] ->              : opencv_video
[CBI] ->              : opencv_videostab
[CBI] ->              : opencv_vstab

[CBI] -> Create folder : /tmp/ramdrive/bilat/Targets/BilatTools_OpenCV_301_004/bin
[CBI] -> Create folder : /tmp/ramdrive/bilat/Targets/BilatTools_OpenCV_301_004/obj

[CBI] -> Compilation parallel (8 threads)

[BilatTools_OpenCV_301_004_gcc_jetson_ARM_32] -> g++ARM compiling .cpp : src/main.cpp
[BilatTools_OpenCV_301_004_gcc_jetson_ARM_32] -> g++ARM compiling .cpp : src/core/tools/OpencvTools.cpp
[BilatTools_OpenCV_301_004_gcc_jetson_ARM_32] -> g++ARM compiling .cpp : src/core/capture/video/CVCaptureVideo.cpp
[BilatTools_OpenCV_301_004_gcc_jetson_ARM_32] -> g++ARM compiling .cpp : src/core/capture/webcam/CVCaptureWebcam.cpp
[BilatTools_OpenCV_301_004_gcc_jetson_ARM_32] -> g++ARM compiling .cpp : src/core/show/view/FactoryImageViewer.cpp
[BilatTools_OpenCV_301_004_gcc_jetson_ARM_32] -> g++ARM compiling .cpp : src/core/show/view/viewer/CVViewerUcharBGR.cpp
[BilatTools_OpenCV_301_004_gcc_jetson_ARM_32] -> g++ARM compiling .cpp : src/core/show/view/viewerMat/CVViewerMatBGR.cpp
[BilatTools_OpenCV_301_004_gcc_jetson_ARM_32] -> g++ARM compiling .cpp : src/core/show/shapeOverlay/appearance/AppearanceShape.cpp
[BilatTools_OpenCV_301_004_gcc_jetson_ARM_32] -> g++ARM compiling .cpp : src/core/show/shapeOverlay/drawer/LineDrawer.cpp
[BilatTools_OpenCV_301_004_gcc_jetson_ARM_32] -> g++ARM compiling .cpp : src/core/show/shapeOverlay/drawer/ShapeDrawer.cpp
[BilatTools_OpenCV_301_004_gcc_jetson_ARM_32] -> g++ARM compiling .cpp : src/core/show/shapeOverlay/drawer/ShapeDrawerTransparant.cpp
[BilatTools_OpenCV_301_004_gcc_jetson_ARM_32] -> g++ARM compiling .cpp : src/core/show/shapeOverlay/shape/Circle.cpp
[BilatTools_OpenCV_301_004_gcc_jetson_ARM_32] -> g++ARM compiling .cpp : src/core/show/shapeOverlay/shape/Line.cpp
[BilatTools_OpenCV_301_004_gcc_jetson_ARM_32] -> g++ARM compiling .cpp : src/core/show/shapeOverlay/shape/Rectangle.cpp
[BilatTools_OpenCV_301_004_gcc_jetson_ARM_32] -> g++ARM compiling .cpp : src/core/show/shapeOverlay/shape/Polygon.cpp
[BilatTools_OpenCV_301_004_gcc_jetson_ARM_32] -> g++ARM compiling .cpp : src/core/show/shapeOverlay/shape/Shape.cpp
[BilatTools_OpenCV_301_004_gcc_jetson_ARM_32] -> g++ARM compiling .cpp : src/core/show/shapeOverlay/shape/ShapeGroup.cpp
[BilatTools_OpenCV_301_004_gcc_jetson_ARM_32] -> g++ARM compiling .cpp : src/core/show/shapeOverlay/shape/Triangle.cpp

[BilatTools_OpenCV_301_004_gcc_jetson_ARM_32] -> Linking to   : /tmp/ramdrive/bilat/Targets/BilatTools_OpenCV_301_004/bin/libBilatTools_OpenCV_301_004_gcc_jetson_ARM_32.so

[BilatTools_OpenCV_301_004_gcc_jetson_ARM_32] -> Library Link :

[CBI] ->              : -lBilatTools_CPP_301_004_gcc_jetson_ARM_32
[CBI] ->              : -lgomp
[CBI] ->              : -lopencv_calib3d
[CBI] ->              : -lopencv_contrib
[CBI] ->              : -lopencv_core
[CBI] ->              : -lopencv_detection_based_tracker
[CBI] ->              : -lopencv_esm_panorama
[CBI] ->              : -lopencv_facedetect
[CBI] ->              : -lopencv_features2d
[CBI] ->              : -lopencv_flann
[CBI] ->              : -lopencv_gpu
[CBI] ->              : -lopencv_highgui
[CBI] ->              : -lopencv_imgproc
[CBI] ->              : -lopencv_imuvstab
[CBI] ->              : -lopencv_legacy
[CBI] ->              : -lopencv_ml
[CBI] ->              : -lopencv_objdetect
[CBI] ->              : -lopencv_photo
[CBI] ->              : -lopencv_stitching
[CBI] ->              : -lopencv_superres
[CBI] ->              : -lopencv_tegra
[CBI] ->              : -lopencv_video
[CBI] ->              : -lopencv_videostab
[CBI] ->              : -lopencv_vstab
[CBI] ->              : -rpath-link=/opt/api/ext/cuda/cuda-6.5/lib/gcc_arm:/opt/arm/L4T_1404_240/usr_lib


==================================================================================
[CBI] -> Target Name  : BilatTools_OpenCV_301_004_gcc_jetson_ARM_32
[CBI] -> Location     : /tmp/ramdrive/bilat/Targets/BilatTools_OpenCV_301_004/bin/libBilatTools_OpenCV_301_004_gcc_jetson_ARM_32.so
[CBI] -> Deploy 	  : ../RELEASE/bin
[CBI] ->
[CBI] -> Type	 	  : SHARED_LIB
[CBI] -> Arch	 	  : ARM_32
[CBI] -> OS	 		  : Linux
[CBI] -> User	 	  : bilat
[CBI] ->
[CBI] -> Compilateur  : g++ARM
[CBI] -> Task	      : End Compiling-Linking !
[CBI] -> Time		  : 4 (s)
==================================================================================


[CBI] -> Deploying    : ../RELEASE/bin/libBilatTools_OpenCV_301_004_gcc_jetson_ARM_32.so

[CBI] -> Symlink Project Inc
[CBI] -> To update code completion : ctrl-shift-s   or   gui/index/rebuild

[CBI] -> BilatTools_OpenCV_301_004_gcc_jetson_ARM_32 : End ALL!


17:20:29 Build Finished (took 4s.388ms)

