17:06:50 **** Incremental Build of configuration CudaGCC_parallel for project Student_Cuda ****
cbicc cuda jall 

--------------------------------------------------------
[Runtime] : gcc x86
--------------------------------------------------------


[cuda]        : /usr/local

[jni]         : /usr/lib/jvm/java-8-oracle

[X11]         : /usr/include/X11

[MKL]         : /opt/intel/mkl

[boost]       : /opt/api/ext/boost

[opencv]      : /opt/api/ext/opencv

[cpptest]     : /opt/api/ext/cpptest

[gphoto2]     : /opt/api/ext/gphoto2

[urg]         : /opt/api/ext/urg

[wic]         : /opt/api/ext/wic 

[pleora]      : /opt/api/ext/pleora

[glm]      : /opt/api/ext/GLM

[Runtime] : BILAT_INFOGRAPHIE           /opt/api/cbi/infographie

     BILAT_TOOLS_JST_HOME             = /opt/api/cbi/infographie/tools
     BILAT_OPENGL_HOME                = /opt/api/cbi/infographie/opengl
     BILAT_FENETRAGE_HOME             = /opt/api/cbi/infographie/fenetrage
     BILAT_IMAGE_HOME                 = /opt/api/cbi/infographie/image
     BILAT_SCENE_3D_HOME              = /opt/api/cbi/infographie/scene3d

[Runtime] : BILAT_TOOLS                 /opt/api/cbi/tools

     BILAT_TOOLS_CPP_HOME             = /opt/api/cbi/tools/bilat_tools_cpp
     BILAT_TOOLS_OMP_HOME             = /opt/api/cbi/tools/bilat_tools_omp
     BILAT_TOOLS_CUDA_HOME            = /opt/api/cbi/tools/bilat_tools_cuda
     BILAT_TOOLS_MKL_HOME             = /opt/api/cbi/tools/bilat_tools_mkl
     BILAT_TOOLS_OPENCV_HOME          = /opt/api/cbi/tools/bilat_tools_opencv
     BILAT_TOOLS_V4L_HOME             = /opt/api/cbi/tools/bilat_tools_v4l
     BILAT_TOOLS_CUDA_IMAGE_HOME      = /opt/api/cbi/tools/bilat_tools_cuda_image
     BILAT_TOOLS_CUDA_IMAGE_CV_HOME   = /opt/api/cbi/tools/bilat_tools_cuda_image_cv
     BILAT_TOOLS_IMAGE_HOME           = /opt/api/cbi/tools/bilat_tools_image
     BILAT_TOOLS_IMAGE_CVHOME         = /opt/api/cbi/tools/bilat_tools_image_cv

[Runtime] : BILAT_CAPTEUR               /opt/api/cbi/capteur

     BILAT_GPHOTO2_HOME               = /opt/api/cbi/capteur/bilat_gphoto2
     BILAT_LASER_HOME                 = /opt/api/cbi/capteur/bilat_laser
     BILAT_LIDAR_HOME                 = /opt/api/cbi/capteur/bilat_lidar
     BILAT_TAU2_HOME                  = /opt/api/cbi/capteur/bilat_tau2
     BILAT_SPEECH_HOME                = /opt/api/cbi/capteur/bilat_speech
     BILAT_GPS_HOME                   = /opt/api/cbi/capteur/bilat_gps
     BILAT_PIPES_HOME                 = /opt/api/cbi/capteur/bilat_pipes

--------------------------------------------------------
[Runtime] : gcc x86 : Ready!
--------------------------------------------------------


g++ (Ubuntu 4.8.4-2ubuntu1~14.04.3) 4.8.4
Copyright (C) 2013 Free Software Foundation, Inc.
This is free software; see the source for copying conditions.  There is NO
warranty; not even for MERCHANTABILITY or FITNESS FOR A PARTICULAR PURPOSE.


nvcc: NVIDIA (R) Cuda compiler driver
Copyright (c) 2005-2016 NVIDIA Corporation
Built on Sun_Sep__4_22:14:01_CDT_2016
Cuda compilation tools, release 8.0, V8.0.44


[CUDA GCC] : jall


==================================================================================
[CBI] -> Target Name  : Student_Cuda_cuda_80_x86_64
[CBI] ->
[CBI] -> Build        : /tmp/ramdrive/arc19/Targets/Student_Cuda/bin/Student_Cuda_cuda_80_x86_64.run
[CBI] -> Deploy       : ../RELEASE/bin
[CBI] ->
[CBI] -> Type	      : EXE
[CBI] -> Arch	      : x86_64
[CBI] -> OS	 		  : Linux
[CBI] -> User	 	  : arc19
[CBI] ->
[CBI] -> Task		  : Compiling-Linking !
==================================================================================

[CBI] -> SRC AUX (Recursif) :
[CBI] ->
[CBI] ->              : /opt/api/ext/cpptest/112/LIB_STATIC/gcc

[CBI] -> CXXFLAGS (Partial) :
[CBI] ->
[CBI] ->              : -fopenmp
[CBI] ->              : -std=c++11
[CBI] ->              : -O3
[CBI] ->              : -frerun-loop-opt
[CBI] ->              : -fomit-frame-pointer

[CBI] -> CXXLDFLAGS (Partial) :
[CBI] ->

[CBI] -> NVCCFLAGS (Partial) :
[CBI] ->
[CBI] ->              : --fmad=true
[CBI] ->              : --ptxas-options=-v
[CBI] ->              : -arch=sm_52
[CBI] ->              : -m64
[CBI] ->              : -std=c++11
[CBI] ->              : -use_fast_math

[CBI] -> NVCCLDFLAGS (Partial) :
[CBI] ->
[CBI] ->              : -arch=sm_52

[CBI] -> INC_PATH (auto detect):
[CBI] ->              : src/cpp/core/02_Hello_add_vector/00_tools/
[CBI] ->              : src/cpp/core/02_Hello_add_vector/01_objet/host/
[CBI] ->              : src/cpp/core/04_Montecarlo/host/
[CBI] ->              : src/cpp/test/junit/01_Test_Hello/
[CBI] ->              : src/cpp/test/junit/02_Test_Vector/


[CBI] -> LIB_PATH (auto detect):

[CBI] -> LIB_PATH (auto detect):

[CBI] -> API_INC :
[CBI] ->              : /opt/api/cbi/tools/bilat_tools_cpp/301_004/INC
[CBI] ->              : /opt/api/cbi/tools/bilat_tools_cpp/301_004/INC/namespace_cpu
[CBI] ->              : /opt/api/cbi/tools/bilat_tools_cuda/301_004/INC
[CBI] ->              : /opt/api/cbi/tools/bilat_tools_cuda/301_004/INC/cudatools
[CBI] ->              : /opt/api/cbi/tools/bilat_tools_cuda/301_004/INC/cudatools/cpp
[CBI] ->              : /opt/api/cbi/tools/bilat_tools_cuda/301_004/INC/cudatools/cpp/host
[CBI] ->              : /opt/api/cbi/tools/bilat_tools_cuda/301_004/INC/cudatools/header
[CBI] ->              : /opt/api/cbi/tools/bilat_tools_cuda/301_004/INC/cudatools/header/both
[CBI] ->              : /opt/api/cbi/tools/bilat_tools_cuda/301_004/INC/cudatools/header/device
[CBI] ->              : /opt/api/cbi/tools/bilat_tools_cuda/301_004/INC/cudatools/header/device/curand
[CBI] ->              : /opt/api/cbi/tools/bilat_tools_cuda/301_004/INC/cudatools/header/device/reduction
[CBI] ->              : /opt/api/cbi/tools/bilat_tools_cuda/301_004/INC/cudatools/header/device/synchronisation
[CBI] ->              : /opt/api/cbi/tools/bilat_tools_cuda/301_004/INC/cudatools/header/host
[CBI] ->              : /opt/api/cbi/tools/bilat_tools_cuda/301_004/INC/cudatools/header/mixte
[CBI] ->              : /opt/api/cbi/tools/bilat_tools_cuda/301_004/INC/cudatools/nvidia
[CBI] ->              : /opt/api/cbi/tools/bilat_tools_omp/301_004/INC
[CBI] ->              : /opt/api/cbi/tools/bilat_tools_omp/301_004/INC/OMP_Tools
[CBI] ->              : /opt/api/cbi/tools/bilat_tools_omp/301_004/INC/OMP_Tools/header
[CBI] ->              : /opt/api/ext/boost/1610/include
[CBI] ->              : /opt/api/ext/boost/1610/include/boost
[CBI] ->              : /opt/api/ext/cpptest/112/INC
[CBI] ->              : /opt/api/ext/cpptest/112/INC/extension
[CBI] ->              : /usr/local/cuda-8.0/include
[CBI] ->              : /usr/local/cuda-8.0/include/CL
[CBI] ->              : /usr/local/cuda-8.0/include/crt

[CBI] -> API_BIN :
[CBI] ->              : /opt/api/cbi/tools/bilat_tools_cpp/301_004/BIN/gcc
[CBI] ->              : /opt/api/cbi/tools/bilat_tools_cuda/301_004/BIN/gcc
[CBI] ->              : /opt/api/cbi/tools/bilat_tools_omp/301_004/BIN/gcc
[CBI] ->              : /opt/api/ext/boost/1610/lib
[CBI] ->              : /opt/api/ext/boost/1610/lib/gcc
[CBI] ->              : /opt/api/ext/boost/1610/lib/icc
[CBI] ->              : /usr/local/cuda-8.0/lib64
[CBI] ->              : /usr/local/cuda-8.0/lib64/stubs

[CBI] -> API_LIBRARIES_STATIC :
[CBI] ->              : /opt/api/ext/cpptest/112/LIB_STATIC/gcc

[CBI] -> API_LIBRARIES :
[CBI] ->              : BilatTools_CPP_301_004_gcc_x86_64
[CBI] ->              : BilatTools_Cuda_301_004_cuda_80_x86_64
[CBI] ->              : BilatTools_OMP_301_004_gcc_x86_64
[CBI] ->              : OpenCL
[CBI] ->              : boost_atomic-gcc484
[CBI] ->              : boost_atomic-icc17
[CBI] ->              : boost_chrono-gcc484
[CBI] ->              : boost_chrono-icc17
[CBI] ->              : boost_container-gcc484
[CBI] ->              : boost_container-icc17
[CBI] ->              : boost_date_time-gcc484
[CBI] ->              : boost_date_time-icc17
[CBI] ->              : boost_filesystem-gcc484
[CBI] ->              : boost_filesystem-icc17
[CBI] ->              : boost_graph-gcc484
[CBI] ->              : boost_graph-icc17
[CBI] ->              : boost_locale-gcc484
[CBI] ->              : boost_locale-icc17
[CBI] ->              : boost_log-gcc484
[CBI] ->              : boost_log-icc17
[CBI] ->              : boost_log_setup-gcc484
[CBI] ->              : boost_log_setup-icc17
[CBI] ->              : boost_math_c99-gcc484
[CBI] ->              : boost_math_c99-icc17
[CBI] ->              : boost_math_c99f-gcc484
[CBI] ->              : boost_math_c99f-icc17
[CBI] ->              : boost_math_c99l-gcc484
[CBI] ->              : boost_math_c99l-icc17
[CBI] ->              : boost_math_tr1-gcc484
[CBI] ->              : boost_math_tr1-icc17
[CBI] ->              : boost_math_tr1f-gcc484
[CBI] ->              : boost_math_tr1f-icc17
[CBI] ->              : boost_math_tr1l-gcc484
[CBI] ->              : boost_math_tr1l-icc17
[CBI] ->              : boost_prg_exec_monitor-gcc484
[CBI] ->              : boost_prg_exec_monitor-icc17
[CBI] ->              : boost_program_options-gcc484
[CBI] ->              : boost_program_options-icc17
[CBI] ->              : boost_random-gcc484
[CBI] ->              : boost_random-icc17
[CBI] ->              : boost_regex-gcc484
[CBI] ->              : boost_regex-icc17
[CBI] ->              : boost_serialization-gcc484
[CBI] ->              : boost_serialization-icc17
[CBI] ->              : boost_signals-gcc484
[CBI] ->              : boost_signals-icc17
[CBI] ->              : boost_system-gcc484
[CBI] ->              : boost_system-icc17
[CBI] ->              : boost_thread-gcc484
[CBI] ->              : boost_thread-icc17
[CBI] ->              : boost_timer-gcc484
[CBI] ->              : boost_timer-icc17
[CBI] ->              : boost_type_erasure-gcc484
[CBI] ->              : boost_type_erasure-icc17
[CBI] ->              : boost_unit_test_framework-gcc484
[CBI] ->              : boost_unit_test_framework-icc17
[CBI] ->              : boost_wave-gcc484
[CBI] ->              : boost_wave-icc17
[CBI] ->              : boost_wserialization-gcc484
[CBI] ->              : boost_wserialization-icc17
[CBI] ->              : cublas
[CBI] ->              : cuda
[CBI] ->              : cudart
[CBI] ->              : cufft
[CBI] ->              : cufftw
[CBI] ->              : cuinj64
[CBI] ->              : curand
[CBI] ->              : cusolver
[CBI] ->              : cusparse
[CBI] ->              : nppc
[CBI] ->              : nppi
[CBI] ->              : nppial
[CBI] ->              : nppicc
[CBI] ->              : nppicom
[CBI] ->              : nppidei
[CBI] ->              : nppif
[CBI] ->              : nppig
[CBI] ->              : nppim
[CBI] ->              : nppist
[CBI] ->              : nppisu
[CBI] ->              : nppitc
[CBI] ->              : npps
[CBI] ->              : nvToolsExt
[CBI] ->              : nvblas
[CBI] ->              : nvgraph
[CBI] ->              : nvidia-ml
[CBI] ->              : nvrtc
[CBI] ->              : nvrtc-builtins

[CBI] -> Create folder : /tmp/ramdrive/arc19/Targets/Student_Cuda/bin
[CBI] -> Create folder : /tmp/ramdrive/arc19/Targets/Student_Cuda/obj
[CBI] -> Create folder : /tmp/ramdrive/arc19/Targets/Student_Cuda/cubin

[CBI] -> Compilation parallel (32 threads)

[Student_Cuda_cuda_80_x86_64] -> g++ compiling .cpp : src/cpp/main.cpp
[Student_Cuda_cuda_80_x86_64] -> g++ compiling .cpp : src/cpp/test/mainTest.cpp
[Student_Cuda_cuda_80_x86_64] -> g++ compiling .cpp : src/cpp/test/junit/01_Test_Hello/TestHello.cpp
[Student_Cuda_cuda_80_x86_64] -> g++ compiling .cpp : src/cpp/test/junit/02_Test_Vector/TestVector.cpp
[Student_Cuda_cuda_80_x86_64] -> g++ compiling .cpp : src/cpp/core/mainCore.cpp
[Student_Cuda_cuda_80_x86_64] -> g++ compiling .cpp : src/cpp/core/02_Hello_add_vector/00_tools/VectorTools.cpp
[Student_Cuda_cuda_80_x86_64] -> g++ compiling .cpp : src/cpp/core/02_Hello_add_vector/01_objet/useAddVector.cpp
[Student_Cuda_cuda_80_x86_64] -> g++ compiling .cpp : src/cpp/core/04_Montecarlo/useMontecarlo.cpp
[Student_Cuda_cuda_80_x86_64] -> g++ compiling .cpp : src/cpp/core/01_Hello/useHello.cpp
[Student_Cuda_cuda_80_x86_64] -> nvcc compiling .cu : src/cpp/core/02_Hello_add_vector/01_objet/device/addVector_device.cu
[Student_Cuda_cuda_80_x86_64] -> nvcc compiling .cu : src/cpp/core/02_Hello_add_vector/01_objet/host/AddVector.cu
[Student_Cuda_cuda_80_x86_64] -> nvcc compiling .cu : src/cpp/core/04_Montecarlo/device/montecarlo_device.cu
[Student_Cuda_cuda_80_x86_64] -> nvcc compiling .cu : src/cpp/core/04_Montecarlo/host/montecarlo.cu
[Student_Cuda_cuda_80_x86_64] -> nvcc compiling .cu : src/cpp/core/01_Hello/01_helloCuda.cu
[Student_Cuda_cuda_80_x86_64] -> nvcc compiling .cu : src/cpp/core/01_Hello/02_hello_add.cu
src/cpp/core/04_Montecarlo/device/montecarlo_device.cu(28): warning: variable "xAlea" was set but never used

src/cpp/core/04_Montecarlo/device/montecarlo_device.cu(29): warning: variable "yAlea" was set but never used

src/cpp/core/04_Montecarlo/host/montecarlo.cu(39): error: argument of type "int *" is incompatible with parameter of type "curandState *"

src/cpp/core/04_Montecarlo/host/montecarlo.cu(39): error: too few arguments in function call

2 errors detected in the compilation of "/tmp/tmpxft_00003216_00000000-7_montecarlo.cpp1.ii".
make[1]: *** [/tmp/ramdrive/arc19/Targets/Student_Cuda/obj/montecarlo.o] Error 2
make[1]: *** Waiting for unfinished jobs....
ptxas info    : 0 bytes gmem
ptxas info    : Compiling entry function '_Z9addVectorPfS_S_i' for 'sm_52'
ptxas info    : Function properties for _Z9addVectorPfS_S_i
    0 bytes stack frame, 0 bytes spill stores, 0 bytes spill loads
ptxas info    : Used 12 registers, 348 bytes cmem[0]
src/cpp/core/04_Montecarlo/device/montecarlo_device.cu(28): warning: variable "xAlea" was set but never used

src/cpp/core/04_Montecarlo/device/montecarlo_device.cu(29): warning: variable "yAlea" was set but never used

ptxas info    : 0 bytes gmem
ptxas info    : Compiling entry function '_Z11kernelHellov' for 'sm_52'
ptxas info    : Function properties for _Z11kernelHellov
    0 bytes stack frame, 0 bytes spill stores, 0 bytes spill loads
ptxas info    : Used 2 registers, 320 bytes cmem[0]
ptxas info    : 77696 bytes gmem, 72 bytes cmem[3]
ptxas info    : Compiling entry function '_Z10montecarloP17curandStateXORWOWiPi' for 'sm_52'
ptxas info    : Function properties for _Z10montecarloP17curandStateXORWOWiPi
    0 bytes stack frame, 0 bytes spill stores, 0 bytes spill loads
ptxas info    : Used 26 registers, 344 bytes cmem[0]
ptxas info    : 32 bytes gmem
ptxas info    : 19 bytes gmem
ptxas info    : Compiling entry function '_Z9addScalariiPi' for 'sm_52'
ptxas info    : Function properties for _Z9addScalariiPi
    16 bytes stack frame, 0 bytes spill stores, 0 bytes spill loads
ptxas info    : Used 11 registers, 336 bytes cmem[0]
make: *** [jall] Error 2
