15:58:49 **** Incremental Build of configuration IntelLinux_parallel for project Student_OMP ****
cbicc intel jall 

--------------------------------------------------------
[Runtime] : intel x86
--------------------------------------------------------


[cuda]        : /usr/local

[jni]         : /usr/lib/jvm/java-8-oracle

[X11]         : /usr/include/X11

[MKL]         : /opt/intel/mkl
[Runtime] : Intel : /opt/intel

[boost]       : /opt/api/ext/boost

[opencv]      : /opt/api/ext/opencv

[cpptest]     : /opt/api/ext/cpptest

[gphoto2]     : /opt/api/ext/gphoto2

[urg]         : /opt/api/ext/urg

[wic]         : /opt/api/ext/wic 

[pleora]      : /opt/api/ext/pleora

[glm]      : /opt/api/ext/GLM

[Runtime] : BILAT_INFOGRAPHIE           /opt/api/cbi/infographie

     BILAT_TOOLS_JST_HOME             = /opt/api/cbi/infographie/tools
     BILAT_OPENGL_HOME                = /opt/api/cbi/infographie/opengl
     BILAT_FENETRAGE_HOME             = /opt/api/cbi/infographie/fenetrage
     BILAT_IMAGE_HOME                 = /opt/api/cbi/infographie/image
     BILAT_SCENE_3D_HOME              = /opt/api/cbi/infographie/scene3d

[Runtime] : BILAT_TOOLS                 /opt/api/cbi/tools

     BILAT_TOOLS_CPP_HOME             = /opt/api/cbi/tools/bilat_tools_cpp
     BILAT_TOOLS_OMP_HOME             = /opt/api/cbi/tools/bilat_tools_omp
     BILAT_TOOLS_CUDA_HOME            = /opt/api/cbi/tools/bilat_tools_cuda
     BILAT_TOOLS_MKL_HOME             = /opt/api/cbi/tools/bilat_tools_mkl
     BILAT_TOOLS_OPENCV_HOME          = /opt/api/cbi/tools/bilat_tools_opencv
     BILAT_TOOLS_V4L_HOME             = /opt/api/cbi/tools/bilat_tools_v4l
     BILAT_TOOLS_CUDA_IMAGE_HOME      = /opt/api/cbi/tools/bilat_tools_cuda_image
     BILAT_TOOLS_CUDA_IMAGE_CV_HOME   = /opt/api/cbi/tools/bilat_tools_cuda_image_cv
     BILAT_TOOLS_IMAGE_HOME           = /opt/api/cbi/tools/bilat_tools_image
     BILAT_TOOLS_IMAGE_CVHOME         = /opt/api/cbi/tools/bilat_tools_image_cv

[Runtime] : BILAT_CAPTEUR               /opt/api/cbi/capteur

     BILAT_GPHOTO2_HOME               = /opt/api/cbi/capteur/bilat_gphoto2
     BILAT_LASER_HOME                 = /opt/api/cbi/capteur/bilat_laser
     BILAT_LIDAR_HOME                 = /opt/api/cbi/capteur/bilat_lidar
     BILAT_TAU2_HOME                  = /opt/api/cbi/capteur/bilat_tau2
     BILAT_SPEECH_HOME                = /opt/api/cbi/capteur/bilat_speech
     BILAT_GPS_HOME                   = /opt/api/cbi/capteur/bilat_gps
     BILAT_PIPES_HOME                 = /opt/api/cbi/capteur/bilat_pipes

--------------------------------------------------------
[Runtime] : intel x86 : Ready!
--------------------------------------------------------


[INTEL] : jall

icpc (ICC) 17.0.0 20160721
Copyright (C) 1985-2016 Intel Corporation.  All rights reserved.

==================================================================================
[CBI] -> Target Name  : Student_OMP_intel_x86_64
[CBI] ->
[CBI] -> Build     	  : /tmp/ramdrive/arc21/Targets/Student_OMP/bin/Student_OMP_intel_x86_64.run
[CBI] -> Deploy       : ../RELEASE/bin
[CBI] ->
[CBI] -> Type	 	  : EXE
[CBI] -> Arch	 	  : x86_64
[CBI] -> OS	 		  : Linux
[CBI] -> User	 	  : arc21
[CBI] ->
[CBI] -> Task		  : Compiling-Linking
==================================================================================

[CBI] -> SRC AUX (Recursif) :
[CBI] ->
[CBI] ->              : /opt/api/ext/cpptest/112/LIB_STATIC/intel

[CBI] -> CXXFLAGS (Partial) :
[CBI] ->
[CBI] ->              : -O3
[CBI] ->              : -fast
[CBI] ->              : -openmp
[CBI] ->              : -par-threshold100
[CBI] ->              : -parallel
[CBI] ->              : -std=c++11
[CBI] ->              : -w
[CBI] ->              : -xHost

[CBI] -> LDFLAGS (Partial) :
[CBI] ->

[CBI] -> INC_PATH (auto detect):
[CBI] ->              : src/cpp/core/omp/02_Slice/
[CBI] ->              : src/cpp/test/unit/01_Test_Hello/
[CBI] ->              : src/cpp/test/unit/02_Test_Pi/

[CBI] -> LIB_PATH (auto detect):

[CBI] -> API_INC :
[CBI] ->              : /opt/api/cbi/tools/bilat_tools_cpp/301_004/INC
[CBI] ->              : /opt/api/cbi/tools/bilat_tools_cpp/301_004/INC/namespace_cpu
[CBI] ->              : /opt/api/cbi/tools/bilat_tools_omp/301_004/INC
[CBI] ->              : /opt/api/cbi/tools/bilat_tools_omp/301_004/INC/OMP_Tools
[CBI] ->              : /opt/api/cbi/tools/bilat_tools_omp/301_004/INC/OMP_Tools/header
[CBI] ->              : /opt/api/ext/cpptest/112/INC
[CBI] ->              : /opt/api/ext/cpptest/112/INC/extension

[CBI] -> API_BIN :
[CBI] ->              : /opt/api/cbi/tools/bilat_tools_cpp/301_004/BIN/intel
[CBI] ->              : /opt/api/cbi/tools/bilat_tools_omp/301_004/BIN/intel

[CBI] -> API_LIBRARIES_STATIC :
[CBI] ->              : /opt/api/ext/cpptest/112/LIB_STATIC/intel

[CBI] -> API_LIBRARIES :
[CBI] ->              : BilatTools_CPP_301_004_intel_x86_64
[CBI] ->              : BilatTools_OMP_301_004_intel_x86_64

[CBI] -> Create folder : /tmp/ramdrive/arc21/Targets/Student_OMP/bin
[CBI] -> Create folder : /tmp/ramdrive/arc21/Targets/Student_OMP/obj

[CBI] -> Compilation parallel (32 threads)

[Student_OMP_intel_x86_64] -> icc compiling .cpp : src/main.cpp
[Student_OMP_intel_x86_64] -> icc compiling .cpp : src/cpp/test/mainTest.cpp
[Student_OMP_intel_x86_64] -> icc compiling .cpp : src/cpp/test/unit/01_Test_Hello/TestHello.cpp
[Student_OMP_intel_x86_64] -> icc compiling .cpp : src/cpp/test/unit/02_Test_Pi/TestPi.cpp
[Student_OMP_intel_x86_64] -> icc compiling .cpp : src/cpp/core/mainCore.cpp
[Student_OMP_intel_x86_64] -> icc compiling .cpp : src/cpp/core/omp/02_Slice/00_pi_tools.cpp
[Student_OMP_intel_x86_64] -> icc compiling .cpp : src/cpp/core/omp/02_Slice/01_pi_sequentiel.cpp
[Student_OMP_intel_x86_64] -> icc compiling .cpp : src/cpp/core/omp/02_Slice/02_pi_entrelacer_promotionTab.cpp
[Student_OMP_intel_x86_64] -> icc compiling .cpp : src/cpp/core/omp/02_Slice/03_pi_entrelacer_critique.cpp
[Student_OMP_intel_x86_64] -> icc compiling .cpp : src/cpp/core/omp/02_Slice/04_pi_entrelacer_atomic.cpp
[Student_OMP_intel_x86_64] -> icc compiling .cpp : src/cpp/core/omp/02_Slice/05_pi_for_critical.cpp
[Student_OMP_intel_x86_64] -> icc compiling .cpp : src/cpp/core/omp/02_Slice/06_pi_for_atomic.cpp
[Student_OMP_intel_x86_64] -> icc compiling .cpp : src/cpp/core/omp/02_Slice/07_pi_for_promotionTab.cpp
[Student_OMP_intel_x86_64] -> icc compiling .cpp : src/cpp/core/omp/02_Slice/08_pi_for_reduction.cpp
[Student_OMP_intel_x86_64] -> icc compiling .cpp : src/cpp/core/omp/02_Slice/usePI.cpp
[Student_OMP_intel_x86_64] -> icc compiling .cpp : src/cpp/core/omp/01_Hello/01_helloOMP.cpp
[Student_OMP_intel_x86_64] -> icc compiling .cpp : src/cpp/core/omp/01_Hello/useHello.cpp

[CBI] -> Linking to   : /tmp/ramdrive/arc21/Targets/Student_OMP/bin/Student_OMP_intel_x86_64.run

[CBI] -> Library Link :
[CBI] ->              : -lBilatTools_CPP_301_004_intel_x86_64
[CBI] ->              : -lBilatTools_OMP_301_004_intel_x86_64
[CBI] ->              : -lCpp_Test_112_intel_x86_64
[CBI] ->              : -liomp5

==================================================================================
[CBI] -> Target Name  : Student_OMP_intel_x86_64
[CBI] -> Location     : /tmp/ramdrive/arc21/Targets/Student_OMP/bin/Student_OMP_intel_x86_64.run
[CBI] -> Deploy 	  : ../RELEASE/bin
[CBI] ->
[CBI] -> Type	 	  : EXE
[CBI] -> Arch	 	  : x86_64
[CBI] -> OS	 		  : Linux
[CBI] -> User	 	  : arc21
[CBI] ->
[CBI] -> Compilateur  : icc
[CBI] -> Task	      : End Compiling-Linking !
[CBI] -> Time		  : 2 (s)
==================================================================================


[CBI] -> Deploying    : ../RELEASE/bin/Student_OMP_intel_x86_64.run

[CBI] -> Symlink Project Inc
[CBI] -> To update code completion : ctrl-shift-s   or   gui/index/rebuild

[CBI] -> Student_OMP_intel_x86_64 : End ALL!


15:58:55 Build Finished (took 5s.481ms)

