10:14:41 **** Build of configuration GCC_ARM_parallel for project Tuto_Canvas_JNI ****
cbicc gcc arm jall 

--------------------------------------------------------
Cross Compilation 		       
--------------------------------------------------------

PLATFORME = jetson
API       = /opt/arm/jetson

--------------------------------------------------------
[Runtime] : gcc arm
--------------------------------------------------------



[cuda]        : /opt/api/ext/cuda

[jni]         : /opt/api/ext/jni/java-8-oracle

[X11]         : /usr/include/X11
[X11]         : 

[MKL]         : /opt/intel/mkl

[boost]       : /opt/api/ext/boost

[opencv]      : /opt/api/ext/opencv
[opencv]      : RPATH_LINK : /opt/api/ext/cuda/cuda-6.5/lib/gcc_arm:/opt/arm/L4T_1404_2421/usr_lib

[cpptest]     : /opt/api/ext/cpptest

[gphoto2]     : /opt/api/ext/gphoto2

[urg]         : /opt/api/ext/urg

[wic]         : /opt/api/ext/wic 


[pleora]      : /opt/api/ext/pleora

[glm]      : /opt/api/ext/GLM

[Runtime] : BILAT_INFOGRAPHIE           /opt/api/cbi/infographie

     BILAT_TOOLS_JST_HOME             = /opt/api/cbi/infographie/tools
     BILAT_OPENGL_HOME                = /opt/api/cbi/infographie/opengl
     BILAT_FENETRAGE_HOME             = /opt/api/cbi/infographie/fenetrage
     BILAT_IMAGE_HOME                 = /opt/api/cbi/infographie/image
     BILAT_SCENE_3D_HOME              = /opt/api/cbi/infographie/scene3d

[Runtime] : BILAT_TOOLS                 /opt/api/cbi/tools

     BILAT_TOOLS_CPP_HOME             = /opt/api/cbi/tools/bilat_tools_cpp
     BILAT_TOOLS_OMP_HOME             = /opt/api/cbi/tools/bilat_tools_omp
     BILAT_TOOLS_CUDA_HOME            = /opt/api/cbi/tools/bilat_tools_cuda
     BILAT_TOOLS_MKL_HOME             = /opt/api/cbi/tools/bilat_tools_mkl
     BILAT_TOOLS_OPENCV_HOME          = /opt/api/cbi/tools/bilat_tools_opencv
     BILAT_TOOLS_V4L_HOME             = /opt/api/cbi/tools/bilat_tools_v4l
     BILAT_TOOLS_CUDA_IMAGE_HOME      = /opt/api/cbi/tools/bilat_tools_cuda_image
     BILAT_TOOLS_CUDA_IMAGE_CV_HOME   = /opt/api/cbi/tools/bilat_tools_cuda_image_cv
     BILAT_TOOLS_IMAGE_HOME           = /opt/api/cbi/tools/bilat_tools_image
     BILAT_TOOLS_IMAGE_CVHOME         = /opt/api/cbi/tools/bilat_tools_image_cv

[Runtime] : BILAT_CAPTEUR               /opt/api/cbi/capteur

     BILAT_GPHOTO2_HOME               = /opt/api/cbi/capteur/bilat_gphoto2
     BILAT_LASER_HOME                 = /opt/api/cbi/capteur/bilat_laser
     BILAT_LIDAR_HOME                 = /opt/api/cbi/capteur/bilat_lidar
     BILAT_TAU2_HOME                  = /opt/api/cbi/capteur/bilat_tau2
     BILAT_SPEECH_HOME                = /opt/api/cbi/capteur/bilat_speech
     BILAT_GPS_HOME                   = /opt/api/cbi/capteur/bilat_gps
     BILAT_PIPES_HOME                 = /opt/api/cbi/capteur/bilat_pipes

--------------------------------------------------------
[Runtime] : gcc arm : Ready!
--------------------------------------------------------


arm-linux-gnueabihf-g++-4.8 (Ubuntu/Linaro 4.8.4-2ubuntu1~14.04.1) 4.8.4
Copyright (C) 2013 Free Software Foundation, Inc.
This is free software; see the source for copying conditions.  There is NO
warranty; not even for MERCHANTABILITY or FITNESS FOR A PARTICULAR PURPOSE.


[Make] : GCC : jall

==================================================================================
[CBI] -> Target Name  : Tuto_Canvas_JNI_gcc_jetson_ARM_32
[CBI] ->
[CBI] -> Build     	  : /tmp/ramdrive/bilat/Targets/Tuto_Canvas_JNI/bin/libTuto_Canvas_JNI_gcc_jetson_ARM_32.so
[CBI] -> Deploy       : ../RELEASE/bin
[CBI] ->
[CBI] -> Type	 	  : SHARED_LIB
[CBI] -> Arch	 	  : ARM_32
[CBI] -> OS	 		  : Linux
[CBI] -> User	 	  : bilat
[CBI] ->
[CBI] -> Task		  : Compiling-Linking
==================================================================================

[CBI] -> SRC AUX (Recursif) :
[CBI] ->

[CBI] -> CXXFLAGS (Partial) :
[CBI] ->
[CBI] ->              : -O3
[CBI] ->              : -fPIC
[CBI] ->              : -fvisibility=hidden
[CBI] ->              : -std=c++11

[CBI] -> LDFLAGS (Partial) :
[CBI] ->
[CBI] ->              : -shared

[CBI] -> INC_PATH (auto detect):
[CBI] ->              : src/cpp/core/02_toScenario/
[CBI] ->              : src/cpp/core/03_scenario/
[CBI] ->              : src/cpp/core/04_GL/

[CBI] -> LIB_PATH (auto detect):

[CBI] -> API_INC :
[CBI] ->              : /opt/api/cbi/infographie/fenetrage/301/Bilat_Fenetrage_Canvas_JNI/INC
[CBI] ->              : /opt/api/cbi/infographie/fenetrage/301/Bilat_Fenetrage_Canvas_JNI/INC/private
[CBI] ->              : /opt/api/cbi/infographie/fenetrage/301/Bilat_Fenetrage_Displayable/INC
[CBI] ->              : /opt/api/cbi/infographie/fenetrage/301/Bilat_Fenetrage_Displayable/INC/primitives
[CBI] ->              : /opt/api/cbi/infographie/tools/301/Bilat_tools_dll/INC
[CBI] ->              : /opt/api/ext/jni/java-8-oracle/inc
[CBI] ->              : /opt/api/ext/jni/java-8-oracle/inc/linux

[CBI] -> API_BIN :
[CBI] ->              : /opt/api/cbi/infographie/fenetrage/301/Bilat_Fenetrage_Canvas_JNI/BIN/gcc_arm
[CBI] ->              : /opt/api/cbi/infographie/fenetrage/301/Bilat_Fenetrage_Displayable/BIN/gcc_arm
[CBI] ->              : /opt/api/ext/cuda/cuda-6.5/lib/gcc_arm
[CBI] ->              : /opt/api/ext/cuda/cuda-6.5/lib/gcc_arm/stubs

[CBI] -> API_LIBRARIES_STATIC :

[CBI] -> API_LIBRARIES :
[CBI] ->              : Bilat_Fenetrage_Canvas_JNI_301_gcc_jetson_ARM_32
[CBI] ->              : Bilat_Fenetrage_Displayable_301_gcc_jetson_ARM_32
[CBI] ->              : GL
[CBI] ->              : GLEW
[CBI] ->              : GLU
[CBI] ->              : attach
[CBI] ->              : awt
[CBI] ->              : awt_headless
[CBI] ->              : awt_xawt
[CBI] ->              : bci
[CBI] ->              : cublas
[CBI] ->              : cuda
[CBI] ->              : cudart
[CBI] ->              : cudnn
[CBI] ->              : cufft
[CBI] ->              : cufftw
[CBI] ->              : cuinj32
[CBI] ->              : curand
[CBI] ->              : cusolver
[CBI] ->              : cusparse
[CBI] ->              : dcpr
[CBI] ->              : dt_socket
[CBI] ->              : fontmanager
[CBI] ->              : hprof
[CBI] ->              : instrument
[CBI] ->              : j2gss
[CBI] ->              : j2pcsc
[CBI] ->              : j2pkcs11
[CBI] ->              : jaas_unix
[CBI] ->              : java
[CBI] ->              : java_crw_demo
[CBI] ->              : jawt
[CBI] ->              : jdwp
[CBI] ->              : jfr
[CBI] ->              : jli
[CBI] ->              : jpeg
[CBI] ->              : jsdt
[CBI] ->              : jsig
[CBI] ->              : jsound
[CBI] ->              : jsoundalsa
[CBI] ->              : jvm
[CBI] ->              : kcms
[CBI] ->              : lcms
[CBI] ->              : management
[CBI] ->              : mlib_image
[CBI] ->              : net
[CBI] ->              : nio
[CBI] ->              : nppc
[CBI] ->              : nppi
[CBI] ->              : npps
[CBI] ->              : npt
[CBI] ->              : nvToolsExt
[CBI] ->              : resource
[CBI] ->              : saproc
[CBI] ->              : sctp
[CBI] ->              : splashscreen
[CBI] ->              : sunec
[CBI] ->              : t2k
[CBI] ->              : unpack
[CBI] ->              : verify
[CBI] ->              : zip

[CBI] -> Create folder : /tmp/ramdrive/bilat/Targets/Tuto_Canvas_JNI/bin
[CBI] -> Create folder : /tmp/ramdrive/bilat/Targets/Tuto_Canvas_JNI/obj

[CBI] -> Compilation parallel (8 threads)

[Tuto_Canvas_JNI_gcc_jetson_ARM_32] -> g++ARM compiling .cpp : src/cpp/core/01_jni/helloworld_jni.cpp
[Tuto_Canvas_JNI_gcc_jetson_ARM_32] -> g++ARM compiling .cpp : src/cpp/core/04_GL/HelloWorldGL.cpp
[Tuto_Canvas_JNI_gcc_jetson_ARM_32] -> g++ARM compiling .cpp : src/cpp/core/03_scenario/HelloWorldScenario.cpp
[Tuto_Canvas_JNI_gcc_jetson_ARM_32] -> g++ARM compiling .cpp : src/cpp/core/02_toScenario/helloworld.cpp

[Tuto_Canvas_JNI_gcc_jetson_ARM_32] -> Linking to   : /tmp/ramdrive/bilat/Targets/Tuto_Canvas_JNI/bin/libTuto_Canvas_JNI_gcc_jetson_ARM_32.so

[Tuto_Canvas_JNI_gcc_jetson_ARM_32] -> Library Link :

[CBI] ->              : -lBilat_Fenetrage_Canvas_JNI_301_gcc_jetson_ARM_32
[CBI] ->              : -lBilat_Fenetrage_Displayable_301_gcc_jetson_ARM_32
[CBI] ->              : -lGL
[CBI] ->              : -lGLEW
[CBI] ->              : -lGLU
[CBI] ->              : -lattach
[CBI] ->              : -lawt
[CBI] ->              : -lawt_headless
[CBI] ->              : -lawt_xawt
[CBI] ->              : -lbci
[CBI] ->              : -lcublas
[CBI] ->              : -lcuda
[CBI] ->              : -lcudart
[CBI] ->              : -lcudnn
[CBI] ->              : -lcufft
[CBI] ->              : -lcufftw
[CBI] ->              : -lcuinj32
[CBI] ->              : -lcurand
[CBI] ->              : -lcusolver
[CBI] ->              : -lcusparse
[CBI] ->              : -ldcpr
[CBI] ->              : -ldt_socket
[CBI] ->              : -lfontmanager
[CBI] ->              : -lhprof
[CBI] ->              : -linstrument
[CBI] ->              : -lj2gss
[CBI] ->              : -lj2pcsc
[CBI] ->              : -lj2pkcs11
[CBI] ->              : -ljaas_unix
[CBI] ->              : -ljava
[CBI] ->              : -ljava_crw_demo
[CBI] ->              : -ljawt
[CBI] ->              : -ljdwp
[CBI] ->              : -ljfr
[CBI] ->              : -ljli
[CBI] ->              : -ljpeg
[CBI] ->              : -ljsdt
[CBI] ->              : -ljsig
[CBI] ->              : -ljsound
[CBI] ->              : -ljsoundalsa
[CBI] ->              : -ljvm
[CBI] ->              : -lkcms
[CBI] ->              : -llcms
[CBI] ->              : -lmanagement
[CBI] ->              : -lmlib_image
[CBI] ->              : -lnet
[CBI] ->              : -lnio
[CBI] ->              : -lnppc
[CBI] ->              : -lnppi
[CBI] ->              : -lnpps
[CBI] ->              : -lnpt
[CBI] ->              : -lnvToolsExt
[CBI] ->              : -lresource
[CBI] ->              : -lsaproc
[CBI] ->              : -lsctp
[CBI] ->              : -lsplashscreen
[CBI] ->              : -lsunec
[CBI] ->              : -lt2k
[CBI] ->              : -lunpack
[CBI] ->              : -lverify
[CBI] ->              : -lzip


==================================================================================
[CBI] -> Target Name  : Tuto_Canvas_JNI_gcc_jetson_ARM_32
[CBI] -> Location     : /tmp/ramdrive/bilat/Targets/Tuto_Canvas_JNI/bin/libTuto_Canvas_JNI_gcc_jetson_ARM_32.so
[CBI] -> Deploy 	  : ../RELEASE/bin
[CBI] ->
[CBI] -> Type	 	  : SHARED_LIB
[CBI] -> Arch	 	  : ARM_32
[CBI] -> OS	 		  : Linux
[CBI] -> User	 	  : bilat
[CBI] ->
[CBI] -> Compilateur  : g++ARM
[CBI] -> Task	      : End Compiling-Linking !
[CBI] -> Time		  : 1 (s)
==================================================================================


[CBI] -> Deploying    : ../RELEASE/bin/libTuto_Canvas_JNI_gcc_jetson_ARM_32.so

[CBI] -> Symlink Project Inc
[CBI] -> To update code completion : ctrl-shift-s   or   gui/index/rebuild

[CBI] -> Tuto_Canvas_JNI_gcc_jetson_ARM_32 : End ALL!


10:14:42 Build Finished (took 1s.35ms)

